2021/09/05 15:38:39 
2021/09/05 15:38:39 Servidor iniciado
[GIN-debug] [WARNING] Creating an Engine instance with the Logger and Recovery middleware already attached.

[GIN-debug] [WARNING] Running in "debug" mode. Switch to "release" mode in production.
 - using env:	export GIN_MODE=release
 - using code:	gin.SetMode(gin.ReleaseMode)

[GIN-debug] GET    /rol                      --> practice1servergo/Controllers.ListRol (4 handlers)
[GIN-debug] GET    /rol/:id                  --> practice1servergo/Controllers.GetOneRol (4 handlers)
[GIN-debug] POST   /rol                      --> practice1servergo/Controllers.AddNewRol (4 handlers)
[GIN-debug] PUT    /rol/:id                  --> practice1servergo/Controllers.PutOneRol (4 handlers)
[GIN-debug] DELETE /rol/:id                  --> practice1servergo/Controllers.DeleteRol (4 handlers)
[GIN-debug] GET    /usuario                  --> practice1servergo/Controllers.ListUsuario (4 handlers)
[GIN-debug] GET    /usuario/:id              --> practice1servergo/Controllers.GetOneUsuario (4 handlers)
[GIN-debug] POST   /usuario                  --> practice1servergo/Controllers.AddNewUsuario (4 handlers)
[GIN-debug] PUT    /usuario/:id              --> practice1servergo/Controllers.PutOneUsuario (4 handlers)
[GIN-debug] DELETE /usuario/:id              --> practice1servergo/Controllers.DeleteUsuario (4 handlers)
[GIN-debug] GET    /                         --> main.main.func1 (3 handlers)
[GIN-debug] Listening and serving HTTP on :3000
2021/09/05 15:38:41 Esto es un middleware
2021/09/05 15:38:41 Token: 
2021/09/05 15:38:41 Success list rols
[GIN] 2021/09/05 - 15:38:41 | 200 |    2.092558ms |             ::1 | GET      "/usuario"
